/videos/42j34h2-c463-4d88-9e02-28c141347098
/videos/63h5kns-c463-4d88-9e02-532kjh23kjn53
/videos/23ij4r22-c463-4d88-9e02-f4r43443fsfdss
./videos/0FB1EA13-3951-4898-9CBB-38454CB45414
./videos/2CC8727B-3A49-4E81-AD30-14ADA69237AB
./videos/0AD871C6-2D5C-4A1D-A52F-174229700413
./videos/43D341DA-E680-4FB8-BBD0-5BF7C0E1D0FF
./videos/AD399E49-6941-405E-9C59-24EFA34FD983
./videos/8AAD5E9C-79E7-490E-98B4-543759253BBC
./videos/EA71D6AC-BCDA-47FB-A29A-C6913EFF701E
./videos/7C2FAFE9-80A7-474D-AC09-35927B50146F
./videos/908C3195-4257-48F3-B454-2E1C31428AE0
./videos/CB043C91-EE5D-4403-9FAE-9BE053173E4E
./videos/640D8B77-59A3-48C8-9935-D4E5EA1F3491
./videos/558E6BBC-DBEC-4428-BFE9-5A2D14A30835
./videos/BAECA9C7-3FBD-4A18-B51D-961CDFF1D051
./videos/25367C83-B40E-4483-9646-D42FCAC613E7
./videos/2A7985BD-28EE-4EC1-AB35-FF040169FAF5
./videos/6CA3E5C1-519D-45AB-ABCF-3D02CA39BAC1
./videos/9D0D51D0-A530-483A-A180-110BD72D4253
./videos/BADA6206-35BD-47C9-BDD2-73590CF3D532
./videos/474FE973-0653-41BC-9AE0-5237F07F40C9
./videos/AD6B54D4-E447-4BE5-80E5-879F4FFFEF11
./videos/1CDE8F50-9029-4FEF-AF88-47EB93D8B464
./videos/3D4102FE-2EC7-411C-8D2C-3D6093488C46
./videos/4D069800-BFC3-40AD-9EB3-04726C36CEED
./videos/8ED9BD8A-A308-4940-9457-D64AF479C854
./videos/B48F5DED-F5C9-4EB5-8325-892C7095B83C
./videos/CA362B87-0045-44F4-8057-7D3F69A34CE2
./videos/C6180652-1FD0-4D03-8BEE-4D4D4874A29D
./videos/8F43E033-EF25-42A3-907B-8116F8ED3EAD
./videos/093CBBFB-2368-4841-8DFF-74703BBFA56A
./videos/3F6D7C69-57B5-49F8-8675-9F5E8E3EF907
./videos/02D0032A-7974-4567-9585-0B50EA5BE002
./videos/733DE8FA-8034-4E8A-9553-FCB5D0342964
./videos/CADB14D5-E8D3-4633-9651-74205CD3739E
./videos/8043CB3E-B77C-45A8-83B8-3834F553328D
./videos/5B4F90CB-2F65-4713-9260-1A1283A1A4F8
./videos/A11C4DCB-CD83-479D-B468-8819EF16D90B
./videos/43D176D7-A7D3-40F1-B642-070C885EEBF5
./videos/B7AA265B-0171-473A-9951-23625AB0ADC9
./videos/94974F50-F61A-4FE0-8463-660A2DA53284
./videos/5D956252-E9DE-43D9-AF1B-39A63A9974A3
./videos/035086B1-0517-4097-98C3-58F260F2B366
./videos/9B626785-2030-4FFD-81D8-ADF692D10829
./videos/BA9541DD-7584-4C60-9F27-9EFBBE43CD6E
./videos/2B89C23E-4D41-482C-9BFA-DFD1BFCC290C
./videos/B44CA302-4BF9-4488-A9CB-B086E8438421
./videos/9847ECFD-DDE2-49BF-97D5-41CCFCCD26F1
./videos/E3DFD7B1-CE7E-43CE-9246-42497F4AA355
./videos/B235386E-140B-4EBE-843C-C4951F9CC46F
./videos/EBDFA981-E308-40AC-9468-AD8536A35A62
./videos/E1C7203C-DB3A-40D0-B2D3-732C2BF5B911
/tasks/
/tasks
/tasks/23ij4r22-c463-4d88-9e02-f4r43443fsfdss